<?xml version="1.0" encoding="UTF-8"?>
<testsuite name="ca.mcgill.ecse321.TreePLE.service.TestMoveTree" tests="5" skipped="0" failures="0" errors="0" timestamp="2018-03-20T20:36:09" hostname="Ilanas-MacBook-Pro.local" time="0.001">
  <properties/>
  <testcase name="testNullTree" classname="ca.mcgill.ecse321.TreePLE.service.TestMoveTree" time="0.0"/>
  <testcase name="testInvalidLongitudes" classname="ca.mcgill.ecse321.TreePLE.service.TestMoveTree" time="0.0"/>
  <testcase name="testAllValidInputs" classname="ca.mcgill.ecse321.TreePLE.service.TestMoveTree" time="0.0"/>
  <testcase name="testInvalidLatitudes" classname="ca.mcgill.ecse321.TreePLE.service.TestMoveTree" time="0.0"/>
  <testcase name="testValidOnBoundaries" classname="ca.mcgill.ecse321.TreePLE.service.TestMoveTree" time="0.001"/>
  <system-out><![CDATA[]]></system-out>
  <system-err><![CDATA[]]></system-err>
</testsuite>
