<?xml version="1.0" encoding="UTF-8"?>
<testsuite name="ca.mcgill.ecse321.TreePLE.service.TreeManager.TestListTreesByLandUse" tests="9" skipped="0" failures="0" errors="0" timestamp="2018-03-27T02:33:57" hostname="Ilanas-MacBook-Pro.local" time="0.177">
  <properties/>
  <testcase name="testListTreesbyLandUse" classname="ca.mcgill.ecse321.TreePLE.service.TreeManager.TestListTreesByLandUse" time="0.001"/>
  <testcase name="testlistTreesByLandUseNull" classname="ca.mcgill.ecse321.TreePLE.service.TreeManager.TestListTreesByLandUse" time="0.001"/>
  <testcase name="testlistTreesByLandUseNoLandUse" classname="ca.mcgill.ecse321.TreePLE.service.TreeManager.TestListTreesByLandUse" time="0.001"/>
  <testcase name="testListTreesbyLandUse" classname="ca.mcgill.ecse321.TreePLE.service.TreeManager.TestListTreesByLandUse" time="0.003"/>
  <testcase name="testlistTreesByLandUseNull" classname="ca.mcgill.ecse321.TreePLE.service.TreeManager.TestListTreesByLandUse" time="0.002"/>
  <testcase name="testlistTreesByLandUseNoLandUse" classname="ca.mcgill.ecse321.TreePLE.service.TreeManager.TestListTreesByLandUse" time="0.001"/>
  <testcase name="testListTreesbyLandUse" classname="ca.mcgill.ecse321.TreePLE.service.TreeManager.TestListTreesByLandUse" time="0.001"/>
  <testcase name="testlistTreesByLandUseNull" classname="ca.mcgill.ecse321.TreePLE.service.TreeManager.TestListTreesByLandUse" time="0.002"/>
  <testcase name="testlistTreesByLandUseNoLandUse" classname="ca.mcgill.ecse321.TreePLE.service.TreeManager.TestListTreesByLandUse" time="0.001"/>
  <system-out><![CDATA[]]></system-out>
  <system-err><![CDATA[]]></system-err>
</testsuite>
