<?xml version="1.0" encoding="UTF-8"?>
<testsuite name="ca.mcgill.ecse321.TreePLE.persistence.TestPersistence" tests="2" skipped="0" failures="0" errors="0" timestamp="2018-03-14T17:48:20" hostname="Ilanas-MacBook-Pro.local" time="0.017">
  <properties/>
  <testcase name="test" classname="ca.mcgill.ecse321.TreePLE.persistence.TestPersistence" time="0.007"/>
  <testcase name="test" classname="ca.mcgill.ecse321.TreePLE.persistence.TestPersistence" time="0.009"/>
  <system-out><![CDATA[]]></system-out>
  <system-err><![CDATA[]]></system-err>
</testsuite>
