<?xml version="1.0" encoding="UTF-8"?>
<testsuite name="ca.mcgill.ecse321.TreePLE.service.TestListTreesBySpecies" tests="4" skipped="0" failures="0" errors="0" timestamp="2018-03-20T20:36:09" hostname="Ilanas-MacBook-Pro.local" time="0.023">
  <properties/>
  <testcase name="testListTreesbySpeciesNull" classname="ca.mcgill.ecse321.TreePLE.service.TestListTreesBySpecies" time="0.002"/>
  <testcase name="testlistTreesBySpeciesEmpty" classname="ca.mcgill.ecse321.TreePLE.service.TestListTreesBySpecies" time="0.006"/>
  <testcase name="testListTreesbySpecies" classname="ca.mcgill.ecse321.TreePLE.service.TestListTreesBySpecies" time="0.009"/>
  <testcase name="testlistTreesBySpeciesNoSpecies" classname="ca.mcgill.ecse321.TreePLE.service.TestListTreesBySpecies" time="0.003"/>
  <system-out><![CDATA[]]></system-out>
  <system-err><![CDATA[]]></system-err>
</testsuite>
