<?xml version="1.0" encoding="UTF-8"?>
<testsuite name="ca.mcgill.ecse321.TreePLE.service.TestListTreesByStatus" tests="1" skipped="0" failures="0" errors="0" timestamp="2018-03-20T20:36:09" hostname="Ilanas-MacBook-Pro.local" time="0.004">
  <properties/>
  <testcase name="testListTreesbyStatus" classname="ca.mcgill.ecse321.TreePLE.service.TestListTreesByStatus" time="0.004"/>
  <system-out><![CDATA[]]></system-out>
  <system-err><![CDATA[]]></system-err>
</testsuite>
