<?xml version="1.0" encoding="UTF-8"?>
<testsuite name="ca.mcgill.ecse321.TreePLE.service.TestListTreesByLandUse" tests="3" skipped="0" failures="0" errors="0" timestamp="2018-03-20T20:36:09" hostname="Ilanas-MacBook-Pro.local" time="0.006">
  <properties/>
  <testcase name="testListTreesbyLandUse" classname="ca.mcgill.ecse321.TreePLE.service.TestListTreesByLandUse" time="0.002"/>
  <testcase name="testlistTreesByLandUseNull" classname="ca.mcgill.ecse321.TreePLE.service.TestListTreesByLandUse" time="0.002"/>
  <testcase name="testlistTreesByLandUseNoLandUse" classname="ca.mcgill.ecse321.TreePLE.service.TestListTreesByLandUse" time="0.001"/>
  <system-out><![CDATA[]]></system-out>
  <system-err><![CDATA[]]></system-err>
</testsuite>
