<?xml version="1.0" encoding="UTF-8"?>
<testsuite name="ca.mcgill.ecse321.TreePLE.service.TestSurveyService" tests="3" skipped="0" failures="0" errors="0" timestamp="2018-03-14T17:48:20" hostname="Ilanas-MacBook-Pro.local" time="0.013">
  <properties/>
  <testcase name="testCreateSurvey" classname="ca.mcgill.ecse321.TreePLE.service.TestSurveyService" time="0.006"/>
  <testcase name="testCreateSurveyNull" classname="ca.mcgill.ecse321.TreePLE.service.TestSurveyService" time="0.002"/>
  <testcase name="testCreateSurveySameStatus" classname="ca.mcgill.ecse321.TreePLE.service.TestSurveyService" time="0.005"/>
  <system-out><![CDATA[]]></system-out>
  <system-err><![CDATA[]]></system-err>
</testsuite>
