<?xml version="1.0" encoding="UTF-8"?>
<testsuite name="ca.mcgill.ecse321.TreePLE.service.TreeManager.TestListTreesByStatus" tests="3" skipped="0" failures="0" errors="0" timestamp="2018-03-27T02:33:57" hostname="Ilanas-MacBook-Pro.local" time="0.188">
  <properties/>
  <testcase name="testListTreesbyStatus" classname="ca.mcgill.ecse321.TreePLE.service.TreeManager.TestListTreesByStatus" time="0.002"/>
  <testcase name="testListTreesbyStatus" classname="ca.mcgill.ecse321.TreePLE.service.TreeManager.TestListTreesByStatus" time="0.004"/>
  <testcase name="testListTreesbyStatus" classname="ca.mcgill.ecse321.TreePLE.service.TreeManager.TestListTreesByStatus" time="0.003"/>
  <system-out><![CDATA[]]></system-out>
  <system-err><![CDATA[]]></system-err>
</testsuite>
