<?xml version="1.0" encoding="UTF-8"?>
<testsuite name="ca.mcgill.ecse321.TreePLE.service.TestTreeManagerService" tests="16" skipped="0" failures="0" errors="0" timestamp="2018-03-14T17:48:20" hostname="Ilanas-MacBook-Pro.local" time="0.133">
  <properties/>
  <testcase name="testCreateTreeEmpty" classname="ca.mcgill.ecse321.TreePLE.service.TestTreeManagerService" time="0.004"/>
  <testcase name="testCreateMunicipalityEmpty" classname="ca.mcgill.ecse321.TreePLE.service.TestTreeManagerService" time="0.0"/>
  <testcase name="testCreateMunicipality" classname="ca.mcgill.ecse321.TreePLE.service.TestTreeManagerService" time="0.025"/>
  <testcase name="testCreateMunicipalityNull" classname="ca.mcgill.ecse321.TreePLE.service.TestTreeManagerService" time="0.0"/>
  <testcase name="testCreateTreeAlreadyExisting" classname="ca.mcgill.ecse321.TreePLE.service.TestTreeManagerService" time="0.035"/>
  <testcase name="testCreateTree" classname="ca.mcgill.ecse321.TreePLE.service.TestTreeManagerService" time="0.01"/>
  <testcase name="testCreateMunicipalityAlreadyExisting" classname="ca.mcgill.ecse321.TreePLE.service.TestTreeManagerService" time="0.001"/>
  <testcase name="testCreateTreeNull" classname="ca.mcgill.ecse321.TreePLE.service.TestTreeManagerService" time="0.001"/>
  <testcase name="testCreateTreeEmpty" classname="ca.mcgill.ecse321.TreePLE.service.TestTreeManagerService" time="0.001"/>
  <testcase name="testCreateMunicipalityEmpty" classname="ca.mcgill.ecse321.TreePLE.service.TestTreeManagerService" time="0.0"/>
  <testcase name="testCreateMunicipality" classname="ca.mcgill.ecse321.TreePLE.service.TestTreeManagerService" time="0.003"/>
  <testcase name="testCreateMunicipalityNull" classname="ca.mcgill.ecse321.TreePLE.service.TestTreeManagerService" time="0.0"/>
  <testcase name="testCreateTreeAlreadyExisting" classname="ca.mcgill.ecse321.TreePLE.service.TestTreeManagerService" time="0.002"/>
  <testcase name="testCreateTree" classname="ca.mcgill.ecse321.TreePLE.service.TestTreeManagerService" time="0.004"/>
  <testcase name="testCreateMunicipalityAlreadyExisting" classname="ca.mcgill.ecse321.TreePLE.service.TestTreeManagerService" time="0.001"/>
  <testcase name="testCreateTreeNull" classname="ca.mcgill.ecse321.TreePLE.service.TestTreeManagerService" time="0.0"/>
  <system-out><![CDATA[]]></system-out>
  <system-err><![CDATA[]]></system-err>
</testsuite>
